<?xml version="1.0" encoding="UTF-8"?>
<!-- Generated by org.testng.reporters.JUnitReportReporter -->
<testsuite hostname="DESKTOP-EIQNC61" failures="0" tests="1" name="package1.Test1" time="0.014" errors="0" timestamp="2024-04-01T12:01:35 IST" skipped="0">
  <testcase classname="package1.Test1" name="welcomeMsg" time="0.014">
    <system-out>
      <![CDATA[welcome inside testNG]]>
    </system-out>
  </testcase> <!-- welcomeMsg -->
  <system-out>
    <![CDATA[welcome inside testNG]]>
  </system-out>
</testsuite> <!-- package1.Test1 -->
